\BOOKMARK [0][-]{chapter*.3}{\376\377\000C\000o\000n\000t\000e\000n\000t\000s}{}% 1
\BOOKMARK [0][-]{section*.4}{\376\377\000L\000i\000s\000t\000\040\000o\000f\000\040\000A\000c\000r\000o\000n\000y\000m\000s}{}% 2
\BOOKMARK [0][-]{section*.6}{\376\377\000G\000l\000o\000s\000s\000a\000r\000y}{}% 3
\BOOKMARK [0][-]{chapter.1}{\376\377\000I\000n\000t\000r\000o\000d\000u\000c\000t\000i\000o\000n}{}% 4
\BOOKMARK [0][-]{chapter.2}{\376\377\000P\000h\000o\000t\000o\000e\000m\000i\000s\000s\000i\000o\000n\000\040\000S\000p\000e\000c\000t\000r\000o\000s\000c\000o\000p\000y}{}% 5
\BOOKMARK [1][-]{section.2.1}{\376\377\000W\000h\000e\000r\000e\000\040\000P\000E\000S\000\040\000i\000s\000\040\000p\000e\000r\000f\000o\000r\000m\000e\000d}{chapter.2}% 6
\BOOKMARK [1][-]{section.2.2}{\376\377\000H\000E\000X\000T\000O\000F\000\040\000S\000e\000t\000u\000p\000\040\000a\000t\000\040\000F\000L\000A\000S\000H}{chapter.2}% 7
\BOOKMARK [1][-]{section.2.3}{\376\377\000D\000e\000s\000c\000r\000i\000b\000i\000n\000g\000\040\000t\000h\000e\000\040\000d\000a\000t\000a\000\040\000G\000d\000W\000,\000\040\000W\000S\000e\0002\000,\000\040\000G\000r\000I\000r\000,\000\040\000a\000n\000d\000\040\000n\000e\000w\000\040\000o\000n\000e}{chapter.2}% 8
\BOOKMARK [1][-]{section.2.4}{\376\377\000C\000r\000e\000a\000t\000i\000n\000g\000\040\000t\000h\000e\000\040\000d\000a\000t\000a\000s\000e\000t\000\040\000C\000o\000r\000r\000e\000c\000t\000i\000o\000n\000s\000\040\000C\000a\000l\000i\000b\000r\000a\000t\000i\000o\000n\000s\000\040\000e\000t\000c}{chapter.2}% 9
\BOOKMARK [1][-]{section.2.5}{\376\377\000U\000s\000i\000n\000g\000\040\000C\000L\000T}{chapter.2}% 10
\BOOKMARK [0][-]{chapter.3}{\376\377\000I\000m\000a\000g\000i\000n\000g}{}% 11
\BOOKMARK [1][-]{section.3.1}{\376\377\000B\000i\000n\000n\000i\000n\000g\000\040\000a\000s\000\040\000m\000e\000a\000n\000s\000\040\000o\000f\000\040\000I\000m\000a\000g\000i\000n\000g}{chapter.3}% 12
\BOOKMARK [1][-]{section.3.2}{\376\377\000S\000A\000S\000E\000\040\000f\000l\000u\000c\000t\000u\000a\000t\000i\000o\000n\000s}{chapter.3}% 13
\BOOKMARK [1][-]{section.3.3}{\376\377\000P\000o\000i\000s\000s\000o\000n\000\040\000p\000r\000o\000c\000e\000s\000s\000\040\000c\000h\000e\000c\000k\000i\000n\000g}{chapter.3}% 14
\BOOKMARK [2][-]{subsection.3.3.1}{\376\377\000B\000e\000f\000o\000r\000e\000\040\000f\000i\000l\000t\000e\000r\000i\000n\000g}{section.3.3}% 15
\BOOKMARK [2][-]{subsection.3.3.2}{\376\377\000A\000f\000t\000e\000r\000\040\000f\000i\000l\000t\000e\000r\000i\000n\000g}{section.3.3}% 16
\BOOKMARK [0][-]{chapter.4}{\376\377\000I\000m\000a\000g\000e\000\040\000R\000e\000c\000o\000n\000s\000t\000r\000u\000c\000t\000i\000o\000n}{}% 17
\BOOKMARK [1][-]{section.4.1}{\376\377\000A\000d\000d\000r\000e\000s\000s\000\040\000r\000e\000c\000o\000n\000s\000t\000r\000u\000c\000t\000i\000o\000n\000/\000d\000e\000n\000o\000i\000s\000i\000n\000g\000\040\000s\000c\000h\000e\000m\000e\000s}{chapter.4}% 18
\BOOKMARK [1][-]{section.4.2}{\376\377\000W\000h\000a\000t\000\040\000i\000s\000\040\000p\000o\000i\000s\000s\000o\000n}{chapter.4}% 19
\BOOKMARK [1][-]{section.4.3}{\376\377\000C\000o\000m\000p\000a\000r\000s\000i\000o\000n\000\040\000o\000f\000\040\000b\000m\0003\000d\000\040}{chapter.4}% 20
\BOOKMARK [1][-]{section.4.4}{\376\377\000A\000l\000g\000o\000r\000i\000t\000h\000m\000s}{chapter.4}% 21
\BOOKMARK [0][-]{chapter.5}{\376\377\000C\000o\000n\000c\000l\000u\000s\000i\000o\000n\000\040\000a\000n\000d\000\040\000O\000u\000t\000l\000o\000o\000k}{}% 22
\BOOKMARK [0][-]{chapter*.15}{\376\377\000B\000i\000b\000l\000i\000o\000g\000r\000a\000p\000h\000y}{}% 23
\BOOKMARK [0][-]{chapter*.16}{\376\377\000A\000c\000k\000n\000o\000w\000l\000e\000d\000g\000e\000m\000e\000n\000t\000s}{}% 24
\BOOKMARK [0][-]{chapter*.17}{\376\377\000C\000o\000n\000t\000r\000i\000b\000u\000t\000i\000o\000n\000s}{}% 25
\BOOKMARK [0][-]{chapter*.18}{\376\377\000D\000e\000c\000l\000a\000r\000a\000t\000i\000o\000n}{}% 26
\BOOKMARK [0][-]{section*.19}{\376\377\000A\000p\000p\000e\000n\000d\000i\000c\000e\000s}{}% 27
\BOOKMARK [0][-]{appendix.a.A}{\376\377\000T\000r\000a\000n\000s\000f\000o\000r\000m\000i\000n\000g\000\040\000R\000a\000w\000\040\000D\000a\000t\000a\000\040\000t\000o\000\040\000s\000t\000r\000u\000c\000t\000u\000r\000e\000d\000\040\000f\000o\000r\000m\000a\000t}{}% 28
\BOOKMARK [0][-]{appendix.a.B}{\376\377\000M\000a\000t\000h\000e\000m\000a\000t\000i\000c\000a\000l\000\040\000B\000a\000c\000k\000g\000r\000o\000u\000n\000d}{}% 29
\BOOKMARK [1][-]{section.a.B.1}{\376\377\000P\000r\000o\000b\000a\000b\000l\000i\000t\000y\000\040\000M\000e\000a\000s\000u\000r\000e}{appendix.a.B}% 30
\BOOKMARK [2][-]{subsection.a.B.1.1}{\376\377\000M\000e\000a\000s\000u\000r\000a\000b\000l\000e\000\040\000S\000p\000a\000c\000e}{section.a.B.1}% 31
\BOOKMARK [2][-]{subsection.a.B.1.2}{\376\377\000P\000o\000s\000i\000t\000i\000v\000e\000\040\000M\000e\000a\000s\000u\000r\000e}{section.a.B.1}% 32
\BOOKMARK [2][-]{subsection.a.B.1.3}{\376\377\000P\000r\000o\000b\000a\000b\000i\000l\000i\000t\000y\000\040\000M\000e\000a\000s\000u\000r\000e}{section.a.B.1}% 33
\BOOKMARK [1][-]{section.a.B.2}{\376\377\000L\000a\000n\000d\000a\000u\000\040\000N\000o\000t\000a\000t\000i\000o\000n}{appendix.a.B}% 34
